<?xml version="1.0" encoding="utf-8"?><testsuites name="pytest tests"><testsuite name="pytest" errors="0" failures="0" skipped="0" tests="15" time="2.608" timestamp="2026-01-23T14:23:32.198668+00:00" hostname="agent-env-1eb03bfd-d390-47d7-8b28-f9e050881a8e"><testcase classname="backend.tests.test_karion_api.TestHealthAndRoot" name="test_api_root" time="0.062" /><testcase classname="backend.tests.test_karion_api.TestAuthentication" name="test_login_success" time="0.267" /><testcase classname="backend.tests.test_karion_api.TestAuthentication" name="test_login_invalid_credentials" time="0.035" /><testcase classname="backend.tests.test_karion_api.TestMultiSourceAnalysis" name="test_multi_source_endpoint" time="0.980" /><testcase classname="backend.tests.test_karion_api.TestMultiSourceAnalysis" name="test_vix_data_in_multi_source" time="0.044" /><testcase classname="backend.tests.test_karion_api.TestCOTData" name="test_cot_data_endpoint" time="0.038" /><testcase classname="backend.tests.test_karion_api.TestCOTData" name="test_cot_categories_structure" time="0.037" /><testcase classname="backend.tests.test_karion_api.TestCOTData" name="test_cot_single_symbol" time="0.037" /><testcase classname="backend.tests.test_karion_api.TestVIXEndpoint" name="test_vix_endpoint" time="0.033" /><testcase classname="backend.tests.test_karion_api.TestMarketPrices" name="test_market_prices_endpoint" time="0.033" /><testcase classname="backend.tests.test_karion_api.TestRiskAnalysis" name="test_risk_analysis_endpoint" time="0.041" /><testcase classname="backend.tests.test_karion_api.TestPhilosophyQuote" name="test_philosophy_quote" time="0.034" /><testcase classname="backend.tests.test_karion_api.TestAuthenticatedEndpoints" name="test_get_me" time="0.295" /><testcase classname="backend.tests.test_karion_api.TestAuthenticatedEndpoints" name="test_psychology_stats" time="0.292" /><testcase classname="backend.tests.test_karion_api.TestAuthenticatedEndpoints" name="test_ascension_status" time="0.294" /></testsuite></testsuites>